2025-12-06 14:44:37,290 - INFO - YAML file config/config.yaml read successfully.
2025-12-06 14:44:37,291 - INFO - DataIngestion started with my_bucket146123 and file is Hotel_Reservations.csv 
2025-12-06 14:44:37,291 - INFO - Starting data ingestion process
2025-12-06 14:44:49,502 - ERROR - Error while downloading the CSV file from GCP
2025-12-06 14:44:49,503 - ERROR - CustomException: Error in C:\Users\ammar\OneDrive\Desktop\Hotel_reservations_prediction\src\data_ingestion.py , line 26 : Failed to download CSV from GCP
2025-12-06 14:44:49,503 - INFO - Data ingestion process finished
2025-12-06 14:44:49,517 - INFO - YAML file config/config.yaml read successfully.
2025-12-06 14:44:49,518 - INFO - Loading Train and Test Data
2025-12-06 14:44:49,518 - INFO - Loading data
2025-12-06 14:44:49,608 - INFO - Loading data
2025-12-06 14:44:49,631 - INFO - Starting Data Preprocessing
2025-12-06 14:44:49,674 - INFO - Applying Label Encoding
2025-12-06 14:44:49,697 - INFO - Label Encoding Mappings:
2025-12-06 14:44:49,697 - INFO - type_of_meal_plan: {'Meal Plan 1': np.int64(0), 'Meal Plan 2': np.int64(1), 'Meal Plan 3': np.int64(2), 'Not Selected': np.int64(3)}
2025-12-06 14:44:49,697 - INFO - required_car_parking_space: {'0': np.int64(0), '1': np.int64(1)}
2025-12-06 14:44:49,697 - INFO - room_type_reserved: {'Room_Type 1': np.int64(0), 'Room_Type 2': np.int64(1), 'Room_Type 3': np.int64(2), 'Room_Type 4': np.int64(3), 'Room_Type 5': np.int64(4), 'Room_Type 6': np.int64(5), 'Room_Type 7': np.int64(6)}
2025-12-06 14:44:49,697 - INFO - market_segment_type: {'Aviation': np.int64(0), 'Complementary': np.int64(1), 'Corporate': np.int64(2), 'Offline': np.int64(3), 'Online': np.int64(4)}
2025-12-06 14:44:49,697 - INFO - repeated_guest: {'0': np.int64(0), '1': np.int64(1)}
2025-12-06 14:44:49,697 - INFO - booking_status: {'Canceled': np.int64(0), 'Not_Canceled': np.int64(1)}
2025-12-06 14:44:49,697 - INFO - Handling Skewness
2025-12-06 14:44:49,703 - INFO - Preprocessing Completed
2025-12-06 14:44:49,704 - INFO - Starting Data Preprocessing
2025-12-06 14:44:49,707 - INFO - Applying Label Encoding
2025-12-06 14:44:49,713 - INFO - Label Encoding Mappings:
2025-12-06 14:44:49,713 - INFO - type_of_meal_plan: {'Meal Plan 1': np.int64(0), 'Meal Plan 2': np.int64(1), 'Meal Plan 3': np.int64(2), 'Not Selected': np.int64(3)}
2025-12-06 14:44:49,713 - INFO - required_car_parking_space: {'0': np.int64(0), '1': np.int64(1)}
2025-12-06 14:44:49,713 - INFO - room_type_reserved: {'Room_Type 1': np.int64(0), 'Room_Type 2': np.int64(1), 'Room_Type 3': np.int64(2), 'Room_Type 4': np.int64(3), 'Room_Type 5': np.int64(4), 'Room_Type 6': np.int64(5), 'Room_Type 7': np.int64(6)}
2025-12-06 14:44:49,713 - INFO - market_segment_type: {'Aviation': np.int64(0), 'Complementary': np.int64(1), 'Corporate': np.int64(2), 'Offline': np.int64(3), 'Online': np.int64(4)}
2025-12-06 14:44:49,713 - INFO - repeated_guest: {'0': np.int64(0), '1': np.int64(1)}
2025-12-06 14:44:49,713 - INFO - booking_status: {'Canceled': np.int64(0), 'Not_Canceled': np.int64(1)}
2025-12-06 14:44:49,713 - INFO - Handling Skewness
2025-12-06 14:44:49,715 - INFO - Preprocessing Completed
2025-12-06 14:44:49,715 - INFO - Applying SMOTE (Only to Training Data)
2025-12-06 14:44:51,686 - INFO - SMOTE Balancing Completed
2025-12-06 14:44:51,687 - INFO - Selecting Top Features Using Random Forest
2025-12-06 14:44:54,460 - INFO - Top 10 Features: ['lead_time' 'no_of_special_requests' 'avg_price_per_room' 'arrival_month'
 'arrival_date' 'market_segment_type' 'no_of_week_nights'
 'no_of_weekend_nights' 'type_of_meal_plan' 'room_type_reserved']
2025-12-06 14:44:54,461 - INFO - Feature Selection Completed
2025-12-06 14:44:54,566 - INFO - Data Saved Successfully at: artifacts/processed\Processed_train.csv
2025-12-06 14:44:54,582 - INFO - Data Saved Successfully at: artifacts/processed\Processed_test.csv
2025-12-06 14:44:54,582 - INFO - Data Preprocessing Pipeline Completed Successfully
2025-12-06 14:44:54,891 - INFO - Starting Our Model Training Pipeline
2025-12-06 14:44:54,891 - INFO - Starting our MLFLOW experimentation
2025-12-06 14:44:54,892 - INFO - Logging the training and testing dataset to MLFLOW
2025-12-06 14:44:54,901 - INFO - Loading data from artifacts/processed\Processed_train.csv
2025-12-06 14:44:54,901 - INFO - Loading data
2025-12-06 14:44:54,945 - INFO - Loading data from artifacts/processed\Processed_test.csv
2025-12-06 14:44:54,945 - INFO - Loading data
2025-12-06 14:44:54,984 - INFO - Data spilitted sucessfully for Model Training
2025-12-06 14:44:54,984 - INFO - Initializing our model
2025-12-06 14:44:54,984 - INFO - Starting our Hyperparameter tunning
2025-12-06 14:44:54,984 - INFO - Starting our Hyperparameter tunning 
2025-12-06 14:45:26,657 - INFO - Hyperparameter tunning completed
2025-12-06 14:45:26,657 - INFO - Best parameters are: {'boosting_type': 'gbdt', 'learning_rate': np.float64(0.1293700315892974), 'max_depth': 13, 'n_estimators': 558, 'num_leaves': 107}
2025-12-06 14:45:26,658 - INFO - Evaluating our model
2025-12-06 14:45:26,757 - INFO - Accuracy Score : 0.8741524723003142
2025-12-06 14:45:26,757 - INFO - Precision Score : 0.9143407122232916
2025-12-06 14:45:26,757 - INFO - Recall Score : 0.9036860879904876
2025-12-06 14:45:26,757 - INFO - F1 Score : 0.9089821791651717
2025-12-06 14:45:26,758 - INFO - saving the model
2025-12-06 14:45:26,880 - INFO - Model saved to artifacts/model/lgbm_model.pkl
2025-12-06 14:45:26,880 - INFO - logging the model into MLFLOW
2025-12-06 14:45:26,888 - INFO - Logging Params and metrics to MLFLOW
2025-12-06 14:45:26,931 - INFO - Model Training sucessfully completed
