2025-12-06 14:25:13,301 - INFO - Starting Our Model Training Pipeline
2025-12-06 14:25:13,312 - INFO - Starting our MLFLOW experimentation
2025-12-06 14:25:13,312 - INFO - Logging the training and testing dataset to MLFLOW
2025-12-06 14:25:13,405 - INFO - Loading data from artifacts/processed\Processed_train.csv
2025-12-06 14:25:13,405 - INFO - Loading data
2025-12-06 14:25:13,519 - INFO - Loading data from artifacts/processed\Processed_test.csv
2025-12-06 14:25:13,519 - INFO - Loading data
2025-12-06 14:25:13,561 - INFO - Data spilitted sucessfully for Model Training
2025-12-06 14:25:13,562 - INFO - Initializing our model
2025-12-06 14:25:13,562 - INFO - Starting our Hyperparameter tunning
2025-12-06 14:25:13,562 - INFO - Starting our Hyperparameter tunning 
2025-12-06 14:25:54,172 - INFO - Hyperparameter tunning completed
2025-12-06 14:25:54,172 - INFO - Best parameters are: {'boosting_type': 'gbdt', 'learning_rate': np.float64(0.1293700315892974), 'max_depth': 13, 'n_estimators': 558, 'num_leaves': 107}
2025-12-06 14:25:54,173 - INFO - Evaluating our model
2025-12-06 14:25:54,262 - INFO - Accuracy Score : 0.8741524723003142
2025-12-06 14:25:54,262 - INFO - Precision Score : 0.9143407122232916
2025-12-06 14:25:54,262 - INFO - Recall Score : 0.9036860879904876
2025-12-06 14:25:54,262 - INFO - F1 Score : 0.9089821791651717
2025-12-06 14:25:54,263 - INFO - saving the model
2025-12-06 14:25:54,397 - INFO - Model saved to artifacts/model/lgbm_model.pkl
2025-12-06 14:25:54,397 - INFO - logging the model into MLFLOW
2025-12-06 14:25:54,404 - INFO - Logging Params and metrics to MLFLOW
2025-12-06 14:25:54,443 - INFO - Model Training sucessfully completed
